Using pre-set license
Built from '2020.3/staging' branch; Version is '2020.3.22f1 (e1a7f79fd887) revision 14788599'; Using compiler version '192528614'; Build Type 'Release'
OS: 'Windows 10 Home Single Language; OS build 19043.1348; Version 2009; 64bit' Language: 'ru' Physical Memory: 16276 MB
BatchMode: 1, IsHumanControllingUs: 0, StartBugReporterOnCrash: 0, Is64bit: 1, IsPro: 0

COMMAND LINE ARGUMENTS:
C:\Program Files\Unity\Hub\Editor\2020.3.22f1\Editor\Unity.exe
-adb2
-batchMode
-noUpm
-name
AssetImportWorker0
-projectPath
D:/Учёба Unity/OOP_Unity_AShurukhin
-logFile
Logs/AssetImportWorker0.log
-srvPort
57048
Successfully changed project path to: D:/Учёба Unity/OOP_Unity_AShurukhin
D:/Учёба Unity/OOP_Unity_AShurukhin
Using Asset Import Pipeline V2.
Refreshing native plugins compatible for Editor in 37.16 ms, found 2 plugins.
Preloading 0 native plugins for Editor in 0.00 ms.
Initialize engine version: 2020.3.22f1 (e1a7f79fd887)
[Subsystems] Discovering subsystems at path C:/Program Files/Unity/Hub/Editor/2020.3.22f1/Editor/Data/Resources/UnitySubsystems
[Subsystems] Discovering subsystems at path D:/Учёба Unity/OOP_Unity_AShurukhin/Assets
GfxDevice: creating device client; threaded=0
Direct3D:
    Version:  Direct3D 11.0 [level 11.1]
    Renderer: NVIDIA GeForce GTX 1060 with Max-Q Design (ID=0x1c20)
    Vendor:   
    VRAM:     2987 MB
    Driver:   30.0.14.9649
Initialize mono
Mono path[0] = 'C:/Program Files/Unity/Hub/Editor/2020.3.22f1/Editor/Data/Managed'
Mono path[1] = 'C:/Program Files/Unity/Hub/Editor/2020.3.22f1/Editor/Data/MonoBleedingEdge/lib/mono/unityjit'
Mono config path = 'C:/Program Files/Unity/Hub/Editor/2020.3.22f1/Editor/Data/MonoBleedingEdge/etc'
Using monoOptions --debugger-agent=transport=dt_socket,embedding=1,server=y,suspend=n,address=127.0.0.1:56932
Begin MonoManager ReloadAssembly
Registering precompiled unity dll's ...
Register platform support module: C:/Program Files/Unity/Hub/Editor/2020.3.22f1/Editor/Data/PlaybackEngines/WindowsStandaloneSupport/UnityEditor.WindowsStandalone.Extensions.dll
Registered in 0.003595 seconds.
Native extension for WindowsStandalone target not found
Refreshing native plugins compatible for Editor in 97.49 ms, found 2 plugins.
Preloading 0 native plugins for Editor in 0.00 ms.
Mono: successfully reloaded assembly
- Completed reload, in  2.668 seconds
Domain Reload Profiling:
	ReloadAssembly (2668ms)
		BeginReloadAssembly (183ms)
			ExecutionOrderSort (0ms)
			DisableScriptedObjects (0ms)
			BackupInstance (0ms)
			ReleaseScriptingObjects (0ms)
			CreateAndSetChildDomain (1ms)
		EndReloadAssembly (1430ms)
			LoadAssemblies (174ms)
			RebuildTransferFunctionScriptingTraits (0ms)
			SetupTypeCache (279ms)
			ReleaseScriptCaches (0ms)
			RebuildScriptCaches (53ms)
			SetupLoadedEditorAssemblies (966ms)
				LogAssemblyErrors (0ms)
				InitializePlatformSupportModulesInManaged (9ms)
				SetLoadedEditorAssemblies (0ms)
				RefreshPlugins (98ms)
				BeforeProcessingInitializeOnLoad (39ms)
				ProcessInitializeOnLoadAttributes (701ms)
				ProcessInitializeOnLoadMethodAttributes (117ms)
				AfterProcessingInitializeOnLoad (0ms)
				EditorAssembliesLoaded (1ms)
			ExecutionOrderSort2 (0ms)
			AwakeInstancesAfterBackupRestoration (0ms)
Platform modules already initialized, skipping
Registering precompiled user dll's ...
Registered in 0.007337 seconds.
Begin MonoManager ReloadAssembly
Native extension for WindowsStandalone target not found
Refreshing native plugins compatible for Editor in 0.37 ms, found 2 plugins.
Preloading 0 native plugins for Editor in 0.00 ms.
Mono: successfully reloaded assembly
- Completed reload, in  2.574 seconds
Domain Reload Profiling:
	ReloadAssembly (2576ms)
		BeginReloadAssembly (478ms)
			ExecutionOrderSort (0ms)
			DisableScriptedObjects (29ms)
			BackupInstance (0ms)
			ReleaseScriptingObjects (0ms)
			CreateAndSetChildDomain (67ms)
		EndReloadAssembly (1923ms)
			LoadAssemblies (313ms)
			RebuildTransferFunctionScriptingTraits (0ms)
			SetupTypeCache (550ms)
			ReleaseScriptCaches (1ms)
			RebuildScriptCaches (83ms)
			SetupLoadedEditorAssemblies (729ms)
				LogAssemblyErrors (0ms)
				InitializePlatformSupportModulesInManaged (18ms)
				SetLoadedEditorAssemblies (1ms)
				RefreshPlugins (1ms)
				BeforeProcessingInitializeOnLoad (190ms)
				ProcessInitializeOnLoadAttributes (498ms)
				ProcessInitializeOnLoadMethodAttributes (11ms)
				AfterProcessingInitializeOnLoad (10ms)
				EditorAssembliesLoaded (0ms)
			ExecutionOrderSort2 (0ms)
			AwakeInstancesAfterBackupRestoration (11ms)
Platform modules already initialized, skipping
========================================================================
Worker process is ready to serve import requests
Launched and connected shader compiler UnityShaderCompiler.exe after 0.14 seconds
Refreshing native plugins compatible for Editor in 0.72 ms, found 2 plugins.
Preloading 0 native plugins for Editor in 0.00 ms.
Unloading 1489 Unused Serialized files (Serialized files now loaded: 0)
System memory in use before: 67.2 MB.
System memory in use after: 67.2 MB.

Unloading 19 unused Assets to reduce memory usage. Loaded Objects now: 1921.
Total: 8.746200 ms (FindLiveObjects: 0.766000 ms CreateObjectMapping: 0.102100 ms MarkObjects: 7.746700 ms  DeleteObjects: 0.129800 ms)

AssetImportParameters requested are different than current active one (requested -> active):
  custom:framework-win-MediaFoundation: 216162199b28c13a410421893ffa2e32 -> 
  custom:video-decoder-ogg-theora: a1e56fd34408186e4bbccfd4996cb3dc -> 
  custom:container-muxer-webm: aa71ff27fc2769a1b78a27578f13a17b -> 
  custom:container-demuxer-webm: 4f35f7cbe854078d1ac9338744f61a02 -> 
  custom:container-demuxer-ogg: 62fdf1f143b41e24485cea50d1cbac27 -> 
  custom:video-encoder-webm-vp8: eb34c28f22e8b96e1ab97ce403110664 -> 
  custom:video-decoder-webm-vp8: 9c59270c3fd7afecdb556c50c9e8de78 -> 
  custom:audio-decoder-ogg-vorbis: bf7c407c2cedff20999df2af8eb42d56 -> 
  custom:audio-encoder-webm-vorbis: bf7c407c2cedff20999df2af8eb42d56 -> 
========================================================================
Received Import Request.
  path: Assets/Prefab/Room_1.prefab
  artifactKey: Guid(4839e986e022c6440948745cd56b624b) Importer(815301076,1909f56bfc062723c751e8b465ee728b)
Start importing Assets/Prefab/Room_1.prefab using Guid(4839e986e022c6440948745cd56b624b) Importer(815301076,1909f56bfc062723c751e8b465ee728b)  -> (artifact id: '967c2a0bc6a3b13d430e8401c385364a') in 0.279569 seconds 
  Import took 0.286786 seconds .

========================================================================
Received Import Request.
  Time since last request: 0.000199 seconds.
  path: Assets/Prefab/Pleyer.prefab
  artifactKey: Guid(db5391d093d63684899c4891aa384e2e) Importer(815301076,1909f56bfc062723c751e8b465ee728b)
Start importing Assets/Prefab/Pleyer.prefab using Guid(db5391d093d63684899c4891aa384e2e) Importer(815301076,1909f56bfc062723c751e8b465ee728b)  -> (artifact id: '73d2643c33cdbee27509dc35e772656f') in 0.023069 seconds 
  Import took 0.025919 seconds .

========================================================================
Received Import Request.
  Time since last request: 7176.234426 seconds.
  path: Assets/Prefab/Heal.prefab
  artifactKey: Guid(10bde0f7d05d40c42bdf1c4f3658baec) Importer(815301076,1909f56bfc062723c751e8b465ee728b)
Start importing Assets/Prefab/Heal.prefab using Guid(10bde0f7d05d40c42bdf1c4f3658baec) Importer(815301076,1909f56bfc062723c751e8b465ee728b)  -> (artifact id: '25579c62988cff38f1afecad91b1d2a3') in 0.027604 seconds 
  Import took 0.031076 seconds .

========================================================================
Received Import Request.
  Time since last request: 1831.302638 seconds.
  path: Assets/Material/Heal_Box.mat
  artifactKey: Guid(95439bbae7517eb4ba48438afd4b39f7) Importer(815301076,1909f56bfc062723c751e8b465ee728b)
Start importing Assets/Material/Heal_Box.mat using Guid(95439bbae7517eb4ba48438afd4b39f7) Importer(815301076,1909f56bfc062723c751e8b465ee728b)  -> (artifact id: 'e2cc01cd4d79edf6b6fca6910d0c3553') in 0.057707 seconds 
  Import took 0.061974 seconds .

========================================================================
Received Import Request.
  Time since last request: 32.124356 seconds.
  path: Assets/Animation
  artifactKey: Guid(28c91e4316ee92b468819196bb5b4366) Importer(815301076,1909f56bfc062723c751e8b465ee728b)
Start importing Assets/Animation using Guid(28c91e4316ee92b468819196bb5b4366) Importer(815301076,1909f56bfc062723c751e8b465ee728b)  -> (artifact id: '6a41dd259d38c6fc2d2ae9814fd03687') in 0.006910 seconds 
  Import took 0.009603 seconds .

========================================================================
Received Prepare
Registering precompiled user dll's ...
Registered in 0.004080 seconds.
Begin MonoManager ReloadAssembly
Native extension for WindowsStandalone target not found
Refreshing native plugins compatible for Editor in 0.63 ms, found 2 plugins.
Preloading 0 native plugins for Editor in 0.00 ms.
Mono: successfully reloaded assembly
- Completed reload, in  1.588 seconds
Domain Reload Profiling:
	ReloadAssembly (1589ms)
		BeginReloadAssembly (247ms)
			ExecutionOrderSort (0ms)
			DisableScriptedObjects (18ms)
			BackupInstance (0ms)
			ReleaseScriptingObjects (0ms)
			CreateAndSetChildDomain (116ms)
		EndReloadAssembly (1258ms)
			LoadAssemblies (128ms)
			RebuildTransferFunctionScriptingTraits (0ms)
			SetupTypeCache (377ms)
			ReleaseScriptCaches (1ms)
			RebuildScriptCaches (47ms)
			SetupLoadedEditorAssemblies (522ms)
				LogAssemblyErrors (0ms)
				InitializePlatformSupportModulesInManaged (36ms)
				SetLoadedEditorAssemblies (1ms)
				RefreshPlugins (1ms)
				BeforeProcessingInitializeOnLoad (143ms)
				ProcessInitializeOnLoadAttributes (321ms)
				ProcessInitializeOnLoadMethodAttributes (11ms)
				AfterProcessingInitializeOnLoad (9ms)
				EditorAssembliesLoaded (0ms)
			ExecutionOrderSort2 (0ms)
			AwakeInstancesAfterBackupRestoration (8ms)
Platform modules already initialized, skipping
Refreshing native plugins compatible for Editor in 0.35 ms, found 2 plugins.
Preloading 0 native plugins for Editor in 0.00 ms.
Unloading 1483 Unused Serialized files (Serialized files now loaded: 0)
System memory in use before: 70.4 MB.
System memory in use after: 70.5 MB.

Unloading 15 unused Assets to reduce memory usage. Loaded Objects now: 1965.
Total: 3.533900 ms (FindLiveObjects: 0.147700 ms CreateObjectMapping: 0.049200 ms MarkObjects: 3.300000 ms  DeleteObjects: 0.035900 ms)

AssetImportParameters requested are different than current active one (requested -> active):
  custom:framework-win-MediaFoundation: 216162199b28c13a410421893ffa2e32 -> 
  custom:video-decoder-ogg-theora: a1e56fd34408186e4bbccfd4996cb3dc -> 
  custom:container-muxer-webm: aa71ff27fc2769a1b78a27578f13a17b -> 
  custom:container-demuxer-webm: 4f35f7cbe854078d1ac9338744f61a02 -> 
  custom:container-demuxer-ogg: 62fdf1f143b41e24485cea50d1cbac27 -> 
  custom:video-encoder-webm-vp8: eb34c28f22e8b96e1ab97ce403110664 -> 
  custom:video-decoder-webm-vp8: 9c59270c3fd7afecdb556c50c9e8de78 -> 
  custom:audio-decoder-ogg-vorbis: bf7c407c2cedff20999df2af8eb42d56 -> 
  custom:audio-encoder-webm-vorbis: bf7c407c2cedff20999df2af8eb42d56 -> 
========================================================================
Received Prepare
Registering precompiled user dll's ...
Registered in 0.004052 seconds.
Begin MonoManager ReloadAssembly
Native extension for WindowsStandalone target not found
Refreshing native plugins compatible for Editor in 0.50 ms, found 2 plugins.
Preloading 0 native plugins for Editor in 0.00 ms.
Mono: successfully reloaded assembly
- Completed reload, in  1.318 seconds
Domain Reload Profiling:
	ReloadAssembly (1319ms)
		BeginReloadAssembly (148ms)
			ExecutionOrderSort (0ms)
			DisableScriptedObjects (5ms)
			BackupInstance (0ms)
			ReleaseScriptingObjects (0ms)
			CreateAndSetChildDomain (44ms)
		EndReloadAssembly (1091ms)
			LoadAssemblies (114ms)
			RebuildTransferFunctionScriptingTraits (0ms)
			SetupTypeCache (401ms)
			ReleaseScriptCaches (1ms)
			RebuildScriptCaches (56ms)
			SetupLoadedEditorAssemblies (382ms)
				LogAssemblyErrors (0ms)
				InitializePlatformSupportModulesInManaged (7ms)
				SetLoadedEditorAssemblies (1ms)
				RefreshPlugins (1ms)
				BeforeProcessingInitializeOnLoad (96ms)
				ProcessInitializeOnLoadAttributes (254ms)
				ProcessInitializeOnLoadMethodAttributes (13ms)
				AfterProcessingInitializeOnLoad (10ms)
				EditorAssembliesLoaded (0ms)
			ExecutionOrderSort2 (0ms)
			AwakeInstancesAfterBackupRestoration (10ms)
Platform modules already initialized, skipping
Refreshing native plugins compatible for Editor in 0.35 ms, found 2 plugins.
Preloading 0 native plugins for Editor in 0.00 ms.
Unloading 1483 Unused Serialized files (Serialized files now loaded: 0)
System memory in use before: 70.5 MB.
System memory in use after: 70.6 MB.

Unloading 14 unused Assets to reduce memory usage. Loaded Objects now: 1967.
Total: 4.225300 ms (FindLiveObjects: 0.150700 ms CreateObjectMapping: 0.051400 ms MarkObjects: 4.001700 ms  DeleteObjects: 0.020300 ms)

AssetImportParameters requested are different than current active one (requested -> active):
  custom:framework-win-MediaFoundation: 216162199b28c13a410421893ffa2e32 -> 
  custom:video-decoder-ogg-theora: a1e56fd34408186e4bbccfd4996cb3dc -> 
  custom:container-muxer-webm: aa71ff27fc2769a1b78a27578f13a17b -> 
  custom:container-demuxer-webm: 4f35f7cbe854078d1ac9338744f61a02 -> 
  custom:container-demuxer-ogg: 62fdf1f143b41e24485cea50d1cbac27 -> 
  custom:video-encoder-webm-vp8: eb34c28f22e8b96e1ab97ce403110664 -> 
  custom:video-decoder-webm-vp8: 9c59270c3fd7afecdb556c50c9e8de78 -> 
  custom:audio-decoder-ogg-vorbis: bf7c407c2cedff20999df2af8eb42d56 -> 
  custom:audio-encoder-webm-vorbis: bf7c407c2cedff20999df2af8eb42d56 -> 
========================================================================
Received Import Request.
  Time since last request: 672.254357 seconds.
  path: Assets/Animation/Heal_Box.anim
  artifactKey: Guid(642c2e6647ac2e246ac424442c6bbbf6) Importer(815301076,1909f56bfc062723c751e8b465ee728b)
Start importing Assets/Animation/Heal_Box.anim using Guid(642c2e6647ac2e246ac424442c6bbbf6) Importer(815301076,1909f56bfc062723c751e8b465ee728b)  -> (artifact id: '3295e2a50baef011499d6a8147d4b462') in 0.047296 seconds 
  Import took 0.050742 seconds .

========================================================================
Received Import Request.
  Time since last request: 275.038566 seconds.
  path: ProjectSettings/TagManager.asset
  artifactKey: Guid(00000000000000003000000000000000) Importer(815301076,1909f56bfc062723c751e8b465ee728b)
Start importing ProjectSettings/TagManager.asset using Guid(00000000000000003000000000000000) Importer(815301076,1909f56bfc062723c751e8b465ee728b)  -> (artifact id: 'ce6a35c3cddc746e7501c0bd0ed6d4ce') in 0.020964 seconds 
  Import took 0.027178 seconds .

========================================================================
Received Import Request.
  Time since last request: 28.650529 seconds.
  path: Assets/Prefab/Heal.prefab
  artifactKey: Guid(10bde0f7d05d40c42bdf1c4f3658baec) Importer(815301076,1909f56bfc062723c751e8b465ee728b)
Start importing Assets/Prefab/Heal.prefab using Guid(10bde0f7d05d40c42bdf1c4f3658baec) Importer(815301076,1909f56bfc062723c751e8b465ee728b)  -> (artifact id: '271e7fec6fc5e79a041ee9158eb46344') in 0.092492 seconds 
  Import took 0.096251 seconds .

========================================================================
Received Import Request.
  Time since last request: 2.693082 seconds.
  path: Assets/Prefab/Heal.prefab
  artifactKey: Guid(10bde0f7d05d40c42bdf1c4f3658baec) Importer(815301076,1909f56bfc062723c751e8b465ee728b)
Start importing Assets/Prefab/Heal.prefab using Guid(10bde0f7d05d40c42bdf1c4f3658baec) Importer(815301076,1909f56bfc062723c751e8b465ee728b)  -> (artifact id: 'f8bf7908ac1e4de71fbb6394d49a4909') in 0.029853 seconds 
  Import took 0.033175 seconds .

========================================================================
Received Prepare
Registering precompiled user dll's ...
Registered in 0.005486 seconds.
Begin MonoManager ReloadAssembly
Native extension for WindowsStandalone target not found
Refreshing native plugins compatible for Editor in 0.40 ms, found 2 plugins.
Preloading 0 native plugins for Editor in 0.00 ms.
Mono: successfully reloaded assembly
- Completed reload, in  1.702 seconds
Domain Reload Profiling:
	ReloadAssembly (1703ms)
		BeginReloadAssembly (243ms)
			ExecutionOrderSort (0ms)
			DisableScriptedObjects (6ms)
			BackupInstance (0ms)
			ReleaseScriptingObjects (0ms)
			CreateAndSetChildDomain (53ms)
		EndReloadAssembly (1338ms)
			LoadAssemblies (205ms)
			RebuildTransferFunctionScriptingTraits (0ms)
			SetupTypeCache (538ms)
			ReleaseScriptCaches (1ms)
			RebuildScriptCaches (55ms)
			SetupLoadedEditorAssemblies (467ms)
				LogAssemblyErrors (0ms)
				InitializePlatformSupportModulesInManaged (8ms)
				SetLoadedEditorAssemblies (1ms)
				RefreshPlugins (0ms)
				BeforeProcessingInitializeOnLoad (115ms)
				ProcessInitializeOnLoadAttributes (320ms)
				ProcessInitializeOnLoadMethodAttributes (13ms)
				AfterProcessingInitializeOnLoad (10ms)
				EditorAssembliesLoaded (0ms)
			ExecutionOrderSort2 (0ms)
			AwakeInstancesAfterBackupRestoration (10ms)
Platform modules already initialized, skipping
Refreshing native plugins compatible for Editor in 0.35 ms, found 2 plugins.
Preloading 0 native plugins for Editor in 0.00 ms.
Unloading 1483 Unused Serialized files (Serialized files now loaded: 0)
System memory in use before: 70.5 MB.
System memory in use after: 70.6 MB.

Unloading 15 unused Assets to reduce memory usage. Loaded Objects now: 1970.
Total: 4.357400 ms (FindLiveObjects: 0.226400 ms CreateObjectMapping: 0.062300 ms MarkObjects: 4.036000 ms  DeleteObjects: 0.030700 ms)

AssetImportParameters requested are different than current active one (requested -> active):
  custom:framework-win-MediaFoundation: 216162199b28c13a410421893ffa2e32 -> 
  custom:video-decoder-ogg-theora: a1e56fd34408186e4bbccfd4996cb3dc -> 
  custom:container-muxer-webm: aa71ff27fc2769a1b78a27578f13a17b -> 
  custom:container-demuxer-webm: 4f35f7cbe854078d1ac9338744f61a02 -> 
  custom:container-demuxer-ogg: 62fdf1f143b41e24485cea50d1cbac27 -> 
  custom:video-encoder-webm-vp8: eb34c28f22e8b96e1ab97ce403110664 -> 
  custom:video-decoder-webm-vp8: 9c59270c3fd7afecdb556c50c9e8de78 -> 
  custom:audio-decoder-ogg-vorbis: bf7c407c2cedff20999df2af8eb42d56 -> 
  custom:audio-encoder-webm-vorbis: bf7c407c2cedff20999df2af8eb42d56 -> 
========================================================================
Received Import Request.
  Time since last request: 446.227691 seconds.
  path: Assets/Prefab/Trap_1.prefab
  artifactKey: Guid(2e139d7de48ba3d4cbb1167f18ada03e) Importer(815301076,1909f56bfc062723c751e8b465ee728b)
Start importing Assets/Prefab/Trap_1.prefab using Guid(2e139d7de48ba3d4cbb1167f18ada03e) Importer(815301076,1909f56bfc062723c751e8b465ee728b)  -> (artifact id: '33a7f8e9e5ec2e03e4949dd7321972c4') in 0.111052 seconds 
  Import took 0.116867 seconds .

========================================================================
Received Import Request.
  Time since last request: 66.842680 seconds.
  path: Assets/Prefab/Trap_1.prefab
  artifactKey: Guid(2e139d7de48ba3d4cbb1167f18ada03e) Importer(815301076,1909f56bfc062723c751e8b465ee728b)
Start importing Assets/Prefab/Trap_1.prefab using Guid(2e139d7de48ba3d4cbb1167f18ada03e) Importer(815301076,1909f56bfc062723c751e8b465ee728b)  -> (artifact id: '491146b2688301ab96cccf4197f4171c') in 0.025032 seconds 
  Import took 0.031433 seconds .

========================================================================
Received Import Request.
  Time since last request: 10.587761 seconds.
  path: Assets/Prefab/Heal.prefab
  artifactKey: Guid(10bde0f7d05d40c42bdf1c4f3658baec) Importer(815301076,1909f56bfc062723c751e8b465ee728b)
Start importing Assets/Prefab/Heal.prefab using Guid(10bde0f7d05d40c42bdf1c4f3658baec) Importer(815301076,1909f56bfc062723c751e8b465ee728b)  -> (artifact id: 'efcd00f5d8ea816c44ed322f0da3e85e') in 0.113153 seconds 
  Import took 0.117646 seconds .

========================================================================
Received Import Request.
  Time since last request: 10.045359 seconds.
  path: Assets/Material/Heal_Box.mat
  artifactKey: Guid(95439bbae7517eb4ba48438afd4b39f7) Importer(815301076,1909f56bfc062723c751e8b465ee728b)
Start importing Assets/Material/Heal_Box.mat using Guid(95439bbae7517eb4ba48438afd4b39f7) Importer(815301076,1909f56bfc062723c751e8b465ee728b)  -> (artifact id: '49485279e49b99481c4a1b9e399c8109') in 0.033995 seconds 
  Import took 0.037161 seconds .

========================================================================
Received Import Request.
  Time since last request: 101.430093 seconds.
  path: ProjectSettings/TagManager.asset
  artifactKey: Guid(00000000000000003000000000000000) Importer(815301076,1909f56bfc062723c751e8b465ee728b)
Start importing ProjectSettings/TagManager.asset using Guid(00000000000000003000000000000000) Importer(815301076,1909f56bfc062723c751e8b465ee728b)  -> (artifact id: '40b6a8dd17db7a79b78fc7afd9309c2a') in 0.003363 seconds 
  Import took 0.007492 seconds .

========================================================================
Received Import Request.
  Time since last request: 305.065188 seconds.
  path: Assets/Animation/Trap_1.anim
  artifactKey: Guid(af48c7892ebafe14b8b65f3f01fa147c) Importer(815301076,1909f56bfc062723c751e8b465ee728b)
Start importing Assets/Animation/Trap_1.anim using Guid(af48c7892ebafe14b8b65f3f01fa147c) Importer(815301076,1909f56bfc062723c751e8b465ee728b)  -> (artifact id: '7360fe60653244676cc230e34c91dd84') in 0.015428 seconds 
  Import took 0.020030 seconds .

========================================================================
Received Import Request.
  Time since last request: 184.688755 seconds.
  path: Assets/Prefab/Trap_1.prefab
  artifactKey: Guid(2e139d7de48ba3d4cbb1167f18ada03e) Importer(815301076,1909f56bfc062723c751e8b465ee728b)
Start importing Assets/Prefab/Trap_1.prefab using Guid(2e139d7de48ba3d4cbb1167f18ada03e) Importer(815301076,1909f56bfc062723c751e8b465ee728b)  -> (artifact id: '58257ea049d262bee4ca4fcc268d06b9') in 0.011983 seconds 
  Import took 0.015705 seconds .

========================================================================
Received Prepare
Registering precompiled user dll's ...
Registered in 0.004109 seconds.
Begin MonoManager ReloadAssembly
Native extension for WindowsStandalone target not found
Refreshing native plugins compatible for Editor in 0.35 ms, found 2 plugins.
Preloading 0 native plugins for Editor in 0.00 ms.
Mono: successfully reloaded assembly
- Completed reload, in  1.484 seconds
Domain Reload Profiling:
	ReloadAssembly (1485ms)
		BeginReloadAssembly (183ms)
			ExecutionOrderSort (0ms)
			DisableScriptedObjects (6ms)
			BackupInstance (0ms)
			ReleaseScriptingObjects (0ms)
			CreateAndSetChildDomain (54ms)
		EndReloadAssembly (1211ms)
			LoadAssemblies (139ms)
			RebuildTransferFunctionScriptingTraits (0ms)
			SetupTypeCache (414ms)
			ReleaseScriptCaches (1ms)
			RebuildScriptCaches (74ms)
			SetupLoadedEditorAssemblies (432ms)
				LogAssemblyErrors (0ms)
				InitializePlatformSupportModulesInManaged (7ms)
				SetLoadedEditorAssemblies (1ms)
				RefreshPlugins (0ms)
				BeforeProcessingInitializeOnLoad (104ms)
				ProcessInitializeOnLoadAttributes (295ms)
				ProcessInitializeOnLoadMethodAttributes (15ms)
				AfterProcessingInitializeOnLoad (11ms)
				EditorAssembliesLoaded (0ms)
			ExecutionOrderSort2 (0ms)
			AwakeInstancesAfterBackupRestoration (11ms)
Platform modules already initialized, skipping
Refreshing native plugins compatible for Editor in 0.43 ms, found 2 plugins.
Preloading 0 native plugins for Editor in 0.00 ms.
Unloading 1483 Unused Serialized files (Serialized files now loaded: 0)
System memory in use before: 70.5 MB.
System memory in use after: 70.6 MB.

Unloading 16 unused Assets to reduce memory usage. Loaded Objects now: 1973.
Total: 3.763600 ms (FindLiveObjects: 0.244000 ms CreateObjectMapping: 0.085800 ms MarkObjects: 3.400600 ms  DeleteObjects: 0.031200 ms)

AssetImportParameters requested are different than current active one (requested -> active):
  custom:framework-win-MediaFoundation: 216162199b28c13a410421893ffa2e32 -> 
  custom:video-decoder-ogg-theora: a1e56fd34408186e4bbccfd4996cb3dc -> 
  custom:container-muxer-webm: aa71ff27fc2769a1b78a27578f13a17b -> 
  custom:container-demuxer-webm: 4f35f7cbe854078d1ac9338744f61a02 -> 
  custom:container-demuxer-ogg: 62fdf1f143b41e24485cea50d1cbac27 -> 
  custom:video-encoder-webm-vp8: eb34c28f22e8b96e1ab97ce403110664 -> 
  custom:video-decoder-webm-vp8: 9c59270c3fd7afecdb556c50c9e8de78 -> 
  custom:audio-decoder-ogg-vorbis: bf7c407c2cedff20999df2af8eb42d56 -> 
  custom:audio-encoder-webm-vorbis: bf7c407c2cedff20999df2af8eb42d56 -> 
========================================================================
Received Import Request.
  Time since last request: 27.532392 seconds.
  path: Assets/Prefab/Trap_1.prefab
  artifactKey: Guid(2e139d7de48ba3d4cbb1167f18ada03e) Importer(815301076,1909f56bfc062723c751e8b465ee728b)
Start importing Assets/Prefab/Trap_1.prefab using Guid(2e139d7de48ba3d4cbb1167f18ada03e) Importer(815301076,1909f56bfc062723c751e8b465ee728b)  -> (artifact id: 'fd7bc22a660d5618324b9c721ec73d7c') in 0.084334 seconds 
  Import took 0.087221 seconds .

========================================================================
Received Import Request.
  Time since last request: 7.894016 seconds.
  path: Assets/Material/Trap_1.mat
  artifactKey: Guid(653d0bf97bd49a84c91d1e3b2e906d8d) Importer(815301076,1909f56bfc062723c751e8b465ee728b)
Start importing Assets/Material/Trap_1.mat using Guid(653d0bf97bd49a84c91d1e3b2e906d8d) Importer(815301076,1909f56bfc062723c751e8b465ee728b)  -> (artifact id: 'eae06b83d7daf84d0d0e5cf2afbd3065') in 0.037341 seconds 
  Import took 0.040792 seconds .

========================================================================
Received Import Request.
  Time since last request: 13.973038 seconds.
  path: Assets/Material/Trap_1.mat
  artifactKey: Guid(653d0bf97bd49a84c91d1e3b2e906d8d) Importer(815301076,1909f56bfc062723c751e8b465ee728b)
Start importing Assets/Material/Trap_1.mat using Guid(653d0bf97bd49a84c91d1e3b2e906d8d) Importer(815301076,1909f56bfc062723c751e8b465ee728b)  -> (artifact id: 'e8176c559699bfde8b994c9f11cd6e11') in 0.027368 seconds 
  Import took 0.033779 seconds .

========================================================================
Received Import Request.
  Time since last request: 147.059529 seconds.
  path: Assets/Prefab/Trap_1.prefab
  artifactKey: Guid(2e139d7de48ba3d4cbb1167f18ada03e) Importer(815301076,1909f56bfc062723c751e8b465ee728b)
Start importing Assets/Prefab/Trap_1.prefab using Guid(2e139d7de48ba3d4cbb1167f18ada03e) Importer(815301076,1909f56bfc062723c751e8b465ee728b)  -> (artifact id: '00ad77c5c0bf8ee7eec6449388d78da5') in 0.015537 seconds 
  Import took 0.020407 seconds .

========================================================================
Received Import Request.
  Time since last request: 20.411340 seconds.
  path: Assets/Prefab/Trap_1.prefab
  artifactKey: Guid(2e139d7de48ba3d4cbb1167f18ada03e) Importer(815301076,1909f56bfc062723c751e8b465ee728b)
Start importing Assets/Prefab/Trap_1.prefab using Guid(2e139d7de48ba3d4cbb1167f18ada03e) Importer(815301076,1909f56bfc062723c751e8b465ee728b)  -> (artifact id: '6c7e1be73224a6b495ab746adfed725a') in 0.020816 seconds 
  Import took 0.031625 seconds .

========================================================================
Received Import Request.
  Time since last request: 309.284714 seconds.
  path: Assets/Material/Door_1.mat
  artifactKey: Guid(83efec2dd926af84b9fb6bb0e47a37e4) Importer(815301076,1909f56bfc062723c751e8b465ee728b)
Start importing Assets/Material/Door_1.mat using Guid(83efec2dd926af84b9fb6bb0e47a37e4) Importer(815301076,1909f56bfc062723c751e8b465ee728b)  -> (artifact id: '23f1cd53bc9f9b97c7b685ae02855b01') in 0.025604 seconds 
  Import took 0.030209 seconds .

========================================================================
Received Import Request.
  Time since last request: 177.496652 seconds.
  path: Assets/Material/Door_1.mat
  artifactKey: Guid(83efec2dd926af84b9fb6bb0e47a37e4) Importer(815301076,1909f56bfc062723c751e8b465ee728b)
Start importing Assets/Material/Door_1.mat using Guid(83efec2dd926af84b9fb6bb0e47a37e4) Importer(815301076,1909f56bfc062723c751e8b465ee728b)  -> (artifact id: 'a49b9c99f3ac51b65e8a81918029bf4f') in 0.019357 seconds 
  Import took 0.025005 seconds .

========================================================================
Received Import Request.
  Time since last request: 917.917178 seconds.
  path: Assets/Prefab/Room_1.prefab
  artifactKey: Guid(4839e986e022c6440948745cd56b624b) Importer(815301076,1909f56bfc062723c751e8b465ee728b)
Start importing Assets/Prefab/Room_1.prefab using Guid(4839e986e022c6440948745cd56b624b) Importer(815301076,1909f56bfc062723c751e8b465ee728b)  -> (artifact id: '95945b26acf86d85469a7be509b6d8b9') in 0.031140 seconds 
  Import took 0.035910 seconds .

========================================================================
Received Import Request.
  Time since last request: 123.665939 seconds.
  path: Assets/Prefab/Key.prefab
  artifactKey: Guid(90bfdfb5bdfa71141affb6e982ccb6ba) Importer(815301076,1909f56bfc062723c751e8b465ee728b)
Start importing Assets/Prefab/Key.prefab using Guid(90bfdfb5bdfa71141affb6e982ccb6ba) Importer(815301076,1909f56bfc062723c751e8b465ee728b)  -> (artifact id: '41b44f3be38900f72cfd620266b778dd') in 0.014010 seconds 
  Import took 0.017304 seconds .

========================================================================
Received Import Request.
  Time since last request: 279.504235 seconds.
  path: Assets/Prefab/Key.prefab
  artifactKey: Guid(90bfdfb5bdfa71141affb6e982ccb6ba) Importer(815301076,1909f56bfc062723c751e8b465ee728b)
Start importing Assets/Prefab/Key.prefab using Guid(90bfdfb5bdfa71141affb6e982ccb6ba) Importer(815301076,1909f56bfc062723c751e8b465ee728b)  -> (artifact id: '67b5ce0c436dd80abeb3350bd2eea0fb') in 0.024317 seconds 
  Import took 0.030194 seconds .

========================================================================
Received Import Request.
  Time since last request: 234.826902 seconds.
  path: Assets/Prefab/Key.prefab
  artifactKey: Guid(90bfdfb5bdfa71141affb6e982ccb6ba) Importer(815301076,1909f56bfc062723c751e8b465ee728b)
Start importing Assets/Prefab/Key.prefab using Guid(90bfdfb5bdfa71141affb6e982ccb6ba) Importer(815301076,1909f56bfc062723c751e8b465ee728b)  -> (artifact id: '3a3dab356f48ee0211d94f76b5fb62b2') in 0.030643 seconds 
  Import took 0.035208 seconds .

========================================================================
Received Import Request.
  Time since last request: 13.528987 seconds.
  path: Assets/Prefab/Key.prefab
  artifactKey: Guid(90bfdfb5bdfa71141affb6e982ccb6ba) Importer(815301076,1909f56bfc062723c751e8b465ee728b)
Start importing Assets/Prefab/Key.prefab using Guid(90bfdfb5bdfa71141affb6e982ccb6ba) Importer(815301076,1909f56bfc062723c751e8b465ee728b)  -> (artifact id: 'f7ba57a16c1d4617c8ca4df295a93614') in 0.022177 seconds 
  Import took 0.030882 seconds .

========================================================================
Received Import Request.
  Time since last request: 6.376741 seconds.
  path: Assets/Prefab/Key.prefab
  artifactKey: Guid(90bfdfb5bdfa71141affb6e982ccb6ba) Importer(815301076,1909f56bfc062723c751e8b465ee728b)
Start importing Assets/Prefab/Key.prefab using Guid(90bfdfb5bdfa71141affb6e982ccb6ba) Importer(815301076,1909f56bfc062723c751e8b465ee728b)  -> (artifact id: '59134af44b6f1a5097d4c5181004fd6d') in 0.049020 seconds 
  Import took 0.054222 seconds .

========================================================================
Received Import Request.
  Time since last request: 15.481537 seconds.
  path: Assets/Prefab/Key.prefab
  artifactKey: Guid(90bfdfb5bdfa71141affb6e982ccb6ba) Importer(815301076,1909f56bfc062723c751e8b465ee728b)
Start importing Assets/Prefab/Key.prefab using Guid(90bfdfb5bdfa71141affb6e982ccb6ba) Importer(815301076,1909f56bfc062723c751e8b465ee728b)  -> (artifact id: '22d1478e2542c8a44832047eade5c88b') in 0.021253 seconds 
  Import took 0.026371 seconds .

========================================================================
Received Import Request.
  Time since last request: 7.632986 seconds.
  path: Assets/Prefab/Key.prefab
  artifactKey: Guid(90bfdfb5bdfa71141affb6e982ccb6ba) Importer(815301076,1909f56bfc062723c751e8b465ee728b)
Start importing Assets/Prefab/Key.prefab using Guid(90bfdfb5bdfa71141affb6e982ccb6ba) Importer(815301076,1909f56bfc062723c751e8b465ee728b)  -> (artifact id: 'f442cf6b10d8c09d5747287892d2405f') in 0.025297 seconds 
  Import took 0.033196 seconds .

========================================================================
Received Import Request.
  Time since last request: 12.572113 seconds.
  path: Assets/Material/Key
  artifactKey: Guid(dacac592e8c76144da13e1dcc9e9aa5a) Importer(815301076,1909f56bfc062723c751e8b465ee728b)
Start importing Assets/Material/Key using Guid(dacac592e8c76144da13e1dcc9e9aa5a) Importer(815301076,1909f56bfc062723c751e8b465ee728b)  -> (artifact id: '950a576369e55292594e59ca92ad85d7') in 0.004908 seconds 
  Import took 0.010347 seconds .

========================================================================
Received Import Request.
  Time since last request: 15.080879 seconds.
  path: Assets/Material/Key/Key_Baze.mat
  artifactKey: Guid(c2d3846122e66534a920d9861163e583) Importer(815301076,1909f56bfc062723c751e8b465ee728b)
Start importing Assets/Material/Key/Key_Baze.mat using Guid(c2d3846122e66534a920d9861163e583) Importer(815301076,1909f56bfc062723c751e8b465ee728b)  -> (artifact id: 'ed09ffc1562eedbdad9b73016d10b694') in 0.022398 seconds 
  Import took 0.026649 seconds .

========================================================================
Received Import Request.
  Time since last request: 80.244547 seconds.
  path: Assets/Material/Key/New Material.mat
  artifactKey: Guid(78fef27eea9ae4944b485591e2d56ead) Importer(815301076,1909f56bfc062723c751e8b465ee728b)
Start importing Assets/Material/Key/New Material.mat using Guid(78fef27eea9ae4944b485591e2d56ead) Importer(815301076,1909f56bfc062723c751e8b465ee728b)  -> (artifact id: '4b5407c5cf307a0964b0e6dc1c9bcde8') in 0.030994 seconds 
  Import took 0.035358 seconds .

========================================================================
Received Import Request.
  Time since last request: 28.247335 seconds.
  path: Assets/Material/Key/Key_Small.mat
  artifactKey: Guid(78fef27eea9ae4944b485591e2d56ead) Importer(815301076,1909f56bfc062723c751e8b465ee728b)
Start importing Assets/Material/Key/Key_Small.mat using Guid(78fef27eea9ae4944b485591e2d56ead) Importer(815301076,1909f56bfc062723c751e8b465ee728b)  -> (artifact id: '1e01e2829d306e0eaaa92b2126274903') in 0.022732 seconds 
  Import took 0.028050 seconds .

========================================================================
Received Import Request.
  Time since last request: 14.586567 seconds.
  path: Assets/Material/Key/Key_Baze.mat
  artifactKey: Guid(c2d3846122e66534a920d9861163e583) Importer(815301076,1909f56bfc062723c751e8b465ee728b)
Start importing Assets/Material/Key/Key_Baze.mat using Guid(c2d3846122e66534a920d9861163e583) Importer(815301076,1909f56bfc062723c751e8b465ee728b)  -> (artifact id: 'bd14b9c49003f3285437eb87092d362a') in 0.029651 seconds 
  Import took 0.039262 seconds .

========================================================================
Received Import Request.
  Time since last request: 0.000214 seconds.
  path: Assets/Material/Key/Key_Small.mat
  artifactKey: Guid(78fef27eea9ae4944b485591e2d56ead) Importer(815301076,1909f56bfc062723c751e8b465ee728b)
Start importing Assets/Material/Key/Key_Small.mat using Guid(78fef27eea9ae4944b485591e2d56ead) Importer(815301076,1909f56bfc062723c751e8b465ee728b)  -> (artifact id: '801f0c0382499aa8c6d268b048bce567') in 0.041407 seconds 
  Import took 0.045918 seconds .

========================================================================
Received Import Request.
  Time since last request: 282.798575 seconds.
  path: Assets/Animation/Trap_1.anim
  artifactKey: Guid(af48c7892ebafe14b8b65f3f01fa147c) Importer(815301076,1909f56bfc062723c751e8b465ee728b)
Start importing Assets/Animation/Trap_1.anim using Guid(af48c7892ebafe14b8b65f3f01fa147c) Importer(815301076,1909f56bfc062723c751e8b465ee728b)  -> (artifact id: 'fdc5af503136e25d4a5f1fe731e1d781') in 0.006307 seconds 
  Import took 0.012554 seconds .

========================================================================
Received Import Request.
  Time since last request: 1.261742 seconds.
  path: Assets/Animation/Key.anim
  artifactKey: Guid(e11c9a2de55d4564eb5dc412df14c98d) Importer(815301076,1909f56bfc062723c751e8b465ee728b)
Start importing Assets/Animation/Key.anim using Guid(e11c9a2de55d4564eb5dc412df14c98d) Importer(815301076,1909f56bfc062723c751e8b465ee728b)  -> (artifact id: '9ad0bf180815e30b26e7e47749fdac33') in 0.002932 seconds 
  Import took 0.009036 seconds .

========================================================================
Received Import Request.
  Time since last request: 14.387917 seconds.
  path: ProjectSettings/TagManager.asset
  artifactKey: Guid(00000000000000003000000000000000) Importer(815301076,1909f56bfc062723c751e8b465ee728b)
Start importing ProjectSettings/TagManager.asset using Guid(00000000000000003000000000000000) Importer(815301076,1909f56bfc062723c751e8b465ee728b)  -> (artifact id: '7f8312f6ff56021e4f4dd24cdb0af517') in 0.008803 seconds 
  Import took 0.012444 seconds .

========================================================================
Received Import Request.
  Time since last request: 32.544663 seconds.
  path: Assets/Prefab/Key.prefab
  artifactKey: Guid(90bfdfb5bdfa71141affb6e982ccb6ba) Importer(815301076,1909f56bfc062723c751e8b465ee728b)
Start importing Assets/Prefab/Key.prefab using Guid(90bfdfb5bdfa71141affb6e982ccb6ba) Importer(815301076,1909f56bfc062723c751e8b465ee728b)  -> (artifact id: 'b70f536e86838b6caf45242a909d366b') in 0.026051 seconds 
  Import took 0.030487 seconds .

========================================================================
Received Import Request.
  Time since last request: 90.799889 seconds.
  path: Assets/Script/IHeal.cs
  artifactKey: Guid(15b4a347199deac468bfd0251389320e) Importer(815301076,1909f56bfc062723c751e8b465ee728b)
Start importing Assets/Script/IHeal.cs using Guid(15b4a347199deac468bfd0251389320e) Importer(815301076,1909f56bfc062723c751e8b465ee728b)  -> (artifact id: 'dbaff43254acdeb1937f1b07f0a5f8e1') in 7.153412 seconds 
  Import took 7.159218 seconds .

========================================================================
Received Prepare
Registering precompiled user dll's ...
Registered in 0.006427 seconds.
Begin MonoManager ReloadAssembly
Native extension for WindowsStandalone target not found
Refreshing native plugins compatible for Editor in 0.46 ms, found 2 plugins.
Preloading 0 native plugins for Editor in 0.00 ms.
Mono: successfully reloaded assembly
- Completed reload, in  2.676 seconds
Domain Reload Profiling:
	ReloadAssembly (2681ms)
		BeginReloadAssembly (283ms)
			ExecutionOrderSort (0ms)
			DisableScriptedObjects (22ms)
			BackupInstance (0ms)
			ReleaseScriptingObjects (0ms)
			CreateAndSetChildDomain (113ms)
		EndReloadAssembly (2294ms)
			LoadAssemblies (329ms)
			RebuildTransferFunctionScriptingTraits (0ms)
			SetupTypeCache (667ms)
			ReleaseScriptCaches (7ms)
			RebuildScriptCaches (271ms)
			SetupLoadedEditorAssemblies (711ms)
				LogAssemblyErrors (0ms)
				InitializePlatformSupportModulesInManaged (21ms)
				SetLoadedEditorAssemblies (2ms)
				RefreshPlugins (1ms)
				BeforeProcessingInitializeOnLoad (189ms)
				ProcessInitializeOnLoadAttributes (465ms)
				ProcessInitializeOnLoadMethodAttributes (17ms)
				AfterProcessingInitializeOnLoad (14ms)
				EditorAssembliesLoaded (3ms)
			ExecutionOrderSort2 (0ms)
			AwakeInstancesAfterBackupRestoration (13ms)
Platform modules already initialized, skipping
Script is not up to date after domain reload: guid(a194205aa518a0246bffa8ff28873926) path("Assets/Script/IDamage.cs") state(2)
Refreshing native plugins compatible for Editor in 0.50 ms, found 2 plugins.
Preloading 0 native plugins for Editor in 0.00 ms.
Unloading 1484 Unused Serialized files (Serialized files now loaded: 0)
System memory in use before: 70.6 MB.
System memory in use after: 70.7 MB.

Unloading 16 unused Assets to reduce memory usage. Loaded Objects now: 1977.
Total: 8.784800 ms (FindLiveObjects: 0.338200 ms CreateObjectMapping: 0.398700 ms MarkObjects: 7.998700 ms  DeleteObjects: 0.046300 ms)

AssetImportParameters requested are different than current active one (requested -> active):
  custom:framework-win-MediaFoundation: 216162199b28c13a410421893ffa2e32 -> 
  custom:video-decoder-ogg-theora: a1e56fd34408186e4bbccfd4996cb3dc -> 
  custom:container-muxer-webm: aa71ff27fc2769a1b78a27578f13a17b -> 
  custom:container-demuxer-webm: 4f35f7cbe854078d1ac9338744f61a02 -> 
  custom:container-demuxer-ogg: 62fdf1f143b41e24485cea50d1cbac27 -> 
  custom:video-encoder-webm-vp8: eb34c28f22e8b96e1ab97ce403110664 -> 
  custom:video-decoder-webm-vp8: 9c59270c3fd7afecdb556c50c9e8de78 -> 
  custom:audio-decoder-ogg-vorbis: bf7c407c2cedff20999df2af8eb42d56 -> 
  custom:audio-encoder-webm-vorbis: bf7c407c2cedff20999df2af8eb42d56 -> 
========================================================================
Received Import Request.
  Time since last request: 7.933715 seconds.
  path: Assets/Script/IDamage.cs
  artifactKey: Guid(a194205aa518a0246bffa8ff28873926) Importer(815301076,1909f56bfc062723c751e8b465ee728b)
Start importing Assets/Script/IDamage.cs using Guid(a194205aa518a0246bffa8ff28873926) Importer(815301076,1909f56bfc062723c751e8b465ee728b)  -> (artifact id: '4965e9c6c6be55f42a4f97df00c8d44f') in 0.035639 seconds 
  Import took 0.040752 seconds .

========================================================================
Received Prepare
Registering precompiled user dll's ...
Registered in 0.013905 seconds.
Begin MonoManager ReloadAssembly
Native extension for WindowsStandalone target not found
Refreshing native plugins compatible for Editor in 0.36 ms, found 2 plugins.
Preloading 0 native plugins for Editor in 0.00 ms.
Mono: successfully reloaded assembly
- Completed reload, in  1.502 seconds
Domain Reload Profiling:
	ReloadAssembly (1502ms)
		BeginReloadAssembly (168ms)
			ExecutionOrderSort (0ms)
			DisableScriptedObjects (8ms)
			BackupInstance (0ms)
			ReleaseScriptingObjects (0ms)
			CreateAndSetChildDomain (47ms)
		EndReloadAssembly (1240ms)
			LoadAssemblies (135ms)
			RebuildTransferFunctionScriptingTraits (0ms)
			SetupTypeCache (410ms)
			ReleaseScriptCaches (1ms)
			RebuildScriptCaches (56ms)
			SetupLoadedEditorAssemblies (490ms)
				LogAssemblyErrors (0ms)
				InitializePlatformSupportModulesInManaged (7ms)
				SetLoadedEditorAssemblies (1ms)
				RefreshPlugins (0ms)
				BeforeProcessingInitializeOnLoad (101ms)
				ProcessInitializeOnLoadAttributes (351ms)
				ProcessInitializeOnLoadMethodAttributes (14ms)
				AfterProcessingInitializeOnLoad (15ms)
				EditorAssembliesLoaded (1ms)
			ExecutionOrderSort2 (0ms)
			AwakeInstancesAfterBackupRestoration (26ms)
Platform modules already initialized, skipping
Refreshing native plugins compatible for Editor in 0.39 ms, found 2 plugins.
Preloading 0 native plugins for Editor in 0.00 ms.
Unloading 1485 Unused Serialized files (Serialized files now loaded: 0)
System memory in use before: 70.6 MB.
System memory in use after: 70.7 MB.

Unloading 14 unused Assets to reduce memory usage. Loaded Objects now: 1980.
Total: 4.405000 ms (FindLiveObjects: 0.227500 ms CreateObjectMapping: 0.476100 ms MarkObjects: 3.678700 ms  DeleteObjects: 0.021500 ms)

AssetImportParameters requested are different than current active one (requested -> active):
  custom:framework-win-MediaFoundation: 216162199b28c13a410421893ffa2e32 -> 
  custom:video-decoder-ogg-theora: a1e56fd34408186e4bbccfd4996cb3dc -> 
  custom:container-muxer-webm: aa71ff27fc2769a1b78a27578f13a17b -> 
  custom:container-demuxer-webm: 4f35f7cbe854078d1ac9338744f61a02 -> 
  custom:container-demuxer-ogg: 62fdf1f143b41e24485cea50d1cbac27 -> 
  custom:video-encoder-webm-vp8: eb34c28f22e8b96e1ab97ce403110664 -> 
  custom:video-decoder-webm-vp8: 9c59270c3fd7afecdb556c50c9e8de78 -> 
  custom:audio-decoder-ogg-vorbis: bf7c407c2cedff20999df2af8eb42d56 -> 
  custom:audio-encoder-webm-vorbis: bf7c407c2cedff20999df2af8eb42d56 -> 
========================================================================
Received Prepare
Registering precompiled user dll's ...
Registered in 0.006607 seconds.
Begin MonoManager ReloadAssembly
Native extension for WindowsStandalone target not found
Refreshing native plugins compatible for Editor in 1.20 ms, found 2 plugins.
Preloading 0 native plugins for Editor in 0.00 ms.
Mono: successfully reloaded assembly
- Completed reload, in  2.767 seconds
Domain Reload Profiling:
	ReloadAssembly (2768ms)
		BeginReloadAssembly (246ms)
			ExecutionOrderSort (0ms)
			DisableScriptedObjects (10ms)
			BackupInstance (0ms)
			ReleaseScriptingObjects (0ms)
			CreateAndSetChildDomain (58ms)
		EndReloadAssembly (2387ms)
			LoadAssemblies (220ms)
			RebuildTransferFunctionScriptingTraits (0ms)
			SetupTypeCache (1341ms)
			ReleaseScriptCaches (1ms)
			RebuildScriptCaches (57ms)
			SetupLoadedEditorAssemblies (669ms)
				LogAssemblyErrors (0ms)
				InitializePlatformSupportModulesInManaged (9ms)
				SetLoadedEditorAssemblies (2ms)
				RefreshPlugins (1ms)
				BeforeProcessingInitializeOnLoad (190ms)
				ProcessInitializeOnLoadAttributes (443ms)
				ProcessInitializeOnLoadMethodAttributes (14ms)
				AfterProcessingInitializeOnLoad (10ms)
				EditorAssembliesLoaded (0ms)
			ExecutionOrderSort2 (0ms)
			AwakeInstancesAfterBackupRestoration (9ms)
Platform modules already initialized, skipping
Refreshing native plugins compatible for Editor in 0.52 ms, found 2 plugins.
Preloading 0 native plugins for Editor in 0.00 ms.
Unloading 1485 Unused Serialized files (Serialized files now loaded: 0)
System memory in use before: 70.6 MB.
System memory in use after: 70.7 MB.

Unloading 14 unused Assets to reduce memory usage. Loaded Objects now: 1982.
Total: 5.554500 ms (FindLiveObjects: 0.306200 ms CreateObjectMapping: 0.156100 ms MarkObjects: 5.061400 ms  DeleteObjects: 0.028800 ms)

AssetImportParameters requested are different than current active one (requested -> active):
  custom:framework-win-MediaFoundation: 216162199b28c13a410421893ffa2e32 -> 
  custom:video-decoder-ogg-theora: a1e56fd34408186e4bbccfd4996cb3dc -> 
  custom:container-muxer-webm: aa71ff27fc2769a1b78a27578f13a17b -> 
  custom:container-demuxer-webm: 4f35f7cbe854078d1ac9338744f61a02 -> 
  custom:container-demuxer-ogg: 62fdf1f143b41e24485cea50d1cbac27 -> 
  custom:video-encoder-webm-vp8: eb34c28f22e8b96e1ab97ce403110664 -> 
  custom:video-decoder-webm-vp8: 9c59270c3fd7afecdb556c50c9e8de78 -> 
  custom:audio-decoder-ogg-vorbis: bf7c407c2cedff20999df2af8eb42d56 -> 
  custom:audio-encoder-webm-vorbis: bf7c407c2cedff20999df2af8eb42d56 -> 
========================================================================
Received Import Request.
  Time since last request: 117.908841 seconds.
  path: Assets/Script/IHeal.cs
  artifactKey: Guid(15b4a347199deac468bfd0251389320e) Importer(815301076,1909f56bfc062723c751e8b465ee728b)
Start importing Assets/Script/IHeal.cs using Guid(15b4a347199deac468bfd0251389320e) Importer(815301076,1909f56bfc062723c751e8b465ee728b)  -> (artifact id: 'dc17f6c41b2bb55a329abb12d2085c36') in 0.009787 seconds 
  Import took 0.035576 seconds .

========================================================================
Received Prepare
Registering precompiled user dll's ...
Registered in 0.013303 seconds.
Begin MonoManager ReloadAssembly
Native extension for WindowsStandalone target not found
Refreshing native plugins compatible for Editor in 0.79 ms, found 2 plugins.
Preloading 0 native plugins for Editor in 0.00 ms.
Mono: successfully reloaded assembly
- Completed reload, in 10.132 seconds
Domain Reload Profiling:
	ReloadAssembly (10132ms)
		BeginReloadAssembly (195ms)
			ExecutionOrderSort (0ms)
			DisableScriptedObjects (11ms)
			BackupInstance (0ms)
			ReleaseScriptingObjects (0ms)
			CreateAndSetChildDomain (59ms)
		EndReloadAssembly (9690ms)
			LoadAssemblies (142ms)
			RebuildTransferFunctionScriptingTraits (0ms)
			SetupTypeCache (2872ms)
			ReleaseScriptCaches (4ms)
			RebuildScriptCaches (221ms)
			SetupLoadedEditorAssemblies (5755ms)
				LogAssemblyErrors (0ms)
				InitializePlatformSupportModulesInManaged (36ms)
				SetLoadedEditorAssemblies (1ms)
				RefreshPlugins (1ms)
				BeforeProcessingInitializeOnLoad (2044ms)
				ProcessInitializeOnLoadAttributes (2793ms)
				ProcessInitializeOnLoadMethodAttributes (38ms)
				AfterProcessingInitializeOnLoad (839ms)
				EditorAssembliesLoaded (4ms)
			ExecutionOrderSort2 (0ms)
			AwakeInstancesAfterBackupRestoration (111ms)
Platform modules already initialized, skipping
Refreshing native plugins compatible for Editor in 0.53 ms, found 2 plugins.
Preloading 0 native plugins for Editor in 0.00 ms.
Unloading 1484 Unused Serialized files (Serialized files now loaded: 0)
System memory in use before: 70.6 MB.
System memory in use after: 70.7 MB.

Unloading 15 unused Assets to reduce memory usage. Loaded Objects now: 1983.
Total: 5.948500 ms (FindLiveObjects: 0.199400 ms CreateObjectMapping: 0.060000 ms MarkObjects: 5.659600 ms  DeleteObjects: 0.027700 ms)

AssetImportParameters requested are different than current active one (requested -> active):
  custom:framework-win-MediaFoundation: 216162199b28c13a410421893ffa2e32 -> 
  custom:video-decoder-ogg-theora: a1e56fd34408186e4bbccfd4996cb3dc -> 
  custom:container-muxer-webm: aa71ff27fc2769a1b78a27578f13a17b -> 
  custom:container-demuxer-webm: 4f35f7cbe854078d1ac9338744f61a02 -> 
  custom:container-demuxer-ogg: 62fdf1f143b41e24485cea50d1cbac27 -> 
  custom:video-encoder-webm-vp8: eb34c28f22e8b96e1ab97ce403110664 -> 
  custom:video-decoder-webm-vp8: 9c59270c3fd7afecdb556c50c9e8de78 -> 
  custom:audio-decoder-ogg-vorbis: bf7c407c2cedff20999df2af8eb42d56 -> 
  custom:audio-encoder-webm-vorbis: bf7c407c2cedff20999df2af8eb42d56 -> 
========================================================================
Received Import Request.
  Time since last request: 22.496233 seconds.
  path: Assets/Script/IHeat.cs
  artifactKey: Guid(d071d55c079635644a1a9e45c754d07a) Importer(815301076,1909f56bfc062723c751e8b465ee728b)
Start importing Assets/Script/IHeat.cs using Guid(d071d55c079635644a1a9e45c754d07a) Importer(815301076,1909f56bfc062723c751e8b465ee728b)  -> (artifact id: '32f377f65b377e08c593ab8ce590292f') in 0.048121 seconds 
  Import took 0.052297 seconds .

========================================================================
Received Prepare
Registering precompiled user dll's ...
Registered in 0.004344 seconds.
Begin MonoManager ReloadAssembly
Native extension for WindowsStandalone target not found
Refreshing native plugins compatible for Editor in 0.39 ms, found 2 plugins.
Preloading 0 native plugins for Editor in 0.00 ms.
Mono: successfully reloaded assembly
- Completed reload, in  1.690 seconds
Domain Reload Profiling:
	ReloadAssembly (1692ms)
		BeginReloadAssembly (317ms)
			ExecutionOrderSort (0ms)
			DisableScriptedObjects (14ms)
			BackupInstance (0ms)
			ReleaseScriptingObjects (0ms)
			CreateAndSetChildDomain (154ms)
		EndReloadAssembly (1257ms)
			LoadAssemblies (169ms)
			RebuildTransferFunctionScriptingTraits (0ms)
			SetupTypeCache (480ms)
			ReleaseScriptCaches (1ms)
			RebuildScriptCaches (53ms)
			SetupLoadedEditorAssemblies (440ms)
				LogAssemblyErrors (0ms)
				InitializePlatformSupportModulesInManaged (9ms)
				SetLoadedEditorAssemblies (1ms)
				RefreshPlugins (1ms)
				BeforeProcessingInitializeOnLoad (108ms)
				ProcessInitializeOnLoadAttributes (295ms)
				ProcessInitializeOnLoadMethodAttributes (15ms)
				AfterProcessingInitializeOnLoad (11ms)
				EditorAssembliesLoaded (0ms)
			ExecutionOrderSort2 (0ms)
			AwakeInstancesAfterBackupRestoration (9ms)
Platform modules already initialized, skipping
Refreshing native plugins compatible for Editor in 0.39 ms, found 2 plugins.
Preloading 0 native plugins for Editor in 0.00 ms.
Unloading 1485 Unused Serialized files (Serialized files now loaded: 0)
System memory in use before: 70.6 MB.
System memory in use after: 70.7 MB.

Unloading 14 unused Assets to reduce memory usage. Loaded Objects now: 1986.
Total: 4.569100 ms (FindLiveObjects: 0.223900 ms CreateObjectMapping: 0.068200 ms MarkObjects: 4.251500 ms  DeleteObjects: 0.023800 ms)

AssetImportParameters requested are different than current active one (requested -> active):
  custom:framework-win-MediaFoundation: 216162199b28c13a410421893ffa2e32 -> 
  custom:video-decoder-ogg-theora: a1e56fd34408186e4bbccfd4996cb3dc -> 
  custom:container-muxer-webm: aa71ff27fc2769a1b78a27578f13a17b -> 
  custom:container-demuxer-webm: 4f35f7cbe854078d1ac9338744f61a02 -> 
  custom:container-demuxer-ogg: 62fdf1f143b41e24485cea50d1cbac27 -> 
  custom:video-encoder-webm-vp8: eb34c28f22e8b96e1ab97ce403110664 -> 
  custom:video-decoder-webm-vp8: 9c59270c3fd7afecdb556c50c9e8de78 -> 
  custom:audio-decoder-ogg-vorbis: bf7c407c2cedff20999df2af8eb42d56 -> 
  custom:audio-encoder-webm-vorbis: bf7c407c2cedff20999df2af8eb42d56 -> 
========================================================================
Received Import Request.
  Time since last request: 260.120536 seconds.
  path: Assets/Prefab/Pleyer.prefab
  artifactKey: Guid(db5391d093d63684899c4891aa384e2e) Importer(815301076,1909f56bfc062723c751e8b465ee728b)
Start importing Assets/Prefab/Pleyer.prefab using Guid(db5391d093d63684899c4891aa384e2e) Importer(815301076,1909f56bfc062723c751e8b465ee728b)  -> (artifact id: '34dadcfb0a8695dc46d3c3c3c73aabc1') in 0.102615 seconds 
  Import took 0.105959 seconds .

========================================================================
Received Import Request.
  Time since last request: 27.067831 seconds.
  path: Assets/Script/Player.cs
  artifactKey: Guid(7fb5502c67d1b7344844060d3e485297) Importer(815301076,1909f56bfc062723c751e8b465ee728b)
Start importing Assets/Script/Player.cs using Guid(7fb5502c67d1b7344844060d3e485297) Importer(815301076,1909f56bfc062723c751e8b465ee728b)  -> (artifact id: '5c7f4d565ffcd76e78cdfa122bdcdb08') in 0.018368 seconds 
  Import took 0.022227 seconds .

========================================================================
Received Prepare
Registering precompiled user dll's ...
Registered in 0.004340 seconds.
Begin MonoManager ReloadAssembly
Native extension for WindowsStandalone target not found
Refreshing native plugins compatible for Editor in 0.37 ms, found 2 plugins.
Preloading 0 native plugins for Editor in 0.00 ms.
Mono: successfully reloaded assembly
- Completed reload, in  1.560 seconds
Domain Reload Profiling:
	ReloadAssembly (1560ms)
		BeginReloadAssembly (214ms)
			ExecutionOrderSort (0ms)
			DisableScriptedObjects (8ms)
			BackupInstance (0ms)
			ReleaseScriptingObjects (0ms)
			CreateAndSetChildDomain (74ms)
		EndReloadAssembly (1235ms)
			LoadAssemblies (156ms)
			RebuildTransferFunctionScriptingTraits (0ms)
			SetupTypeCache (398ms)
			ReleaseScriptCaches (1ms)
			RebuildScriptCaches (55ms)
			SetupLoadedEditorAssemblies (506ms)
				LogAssemblyErrors (0ms)
				InitializePlatformSupportModulesInManaged (7ms)
				SetLoadedEditorAssemblies (1ms)
				RefreshPlugins (0ms)
				BeforeProcessingInitializeOnLoad (149ms)
				ProcessInitializeOnLoadAttributes (316ms)
				ProcessInitializeOnLoadMethodAttributes (18ms)
				AfterProcessingInitializeOnLoad (15ms)
				EditorAssembliesLoaded (0ms)
			ExecutionOrderSort2 (0ms)
			AwakeInstancesAfterBackupRestoration (12ms)
Platform modules already initialized, skipping
Refreshing native plugins compatible for Editor in 2.30 ms, found 2 plugins.
Preloading 0 native plugins for Editor in 0.00 ms.
Unloading 1486 Unused Serialized files (Serialized files now loaded: 0)
System memory in use before: 70.7 MB.
System memory in use after: 70.8 MB.

Unloading 15 unused Assets to reduce memory usage. Loaded Objects now: 1991.
Total: 6.416500 ms (FindLiveObjects: 1.106900 ms CreateObjectMapping: 0.103800 ms MarkObjects: 5.176500 ms  DeleteObjects: 0.028000 ms)

AssetImportParameters requested are different than current active one (requested -> active):
  custom:framework-win-MediaFoundation: 216162199b28c13a410421893ffa2e32 -> 
  custom:video-decoder-ogg-theora: a1e56fd34408186e4bbccfd4996cb3dc -> 
  custom:container-muxer-webm: aa71ff27fc2769a1b78a27578f13a17b -> 
  custom:container-demuxer-webm: 4f35f7cbe854078d1ac9338744f61a02 -> 
  custom:container-demuxer-ogg: 62fdf1f143b41e24485cea50d1cbac27 -> 
  custom:video-encoder-webm-vp8: eb34c28f22e8b96e1ab97ce403110664 -> 
  custom:video-decoder-webm-vp8: 9c59270c3fd7afecdb556c50c9e8de78 -> 
  custom:audio-decoder-ogg-vorbis: bf7c407c2cedff20999df2af8eb42d56 -> 
  custom:audio-encoder-webm-vorbis: bf7c407c2cedff20999df2af8eb42d56 -> 
========================================================================
Received Import Request.
  Time since last request: 48.330713 seconds.
  path: Assets/Script/IHeat.cs
  artifactKey: Guid(d071d55c079635644a1a9e45c754d07a) Importer(815301076,1909f56bfc062723c751e8b465ee728b)
Start importing Assets/Script/IHeat.cs using Guid(d071d55c079635644a1a9e45c754d07a) Importer(815301076,1909f56bfc062723c751e8b465ee728b)  -> (artifact id: 'a398f7827577ee6661a0ad7ee93b2e5a') in 0.017108 seconds 
  Import took 0.020612 seconds .

========================================================================
Received Prepare
Registering precompiled user dll's ...
Registered in 0.004958 seconds.
Begin MonoManager ReloadAssembly
Native extension for WindowsStandalone target not found
Refreshing native plugins compatible for Editor in 0.38 ms, found 2 plugins.
Preloading 0 native plugins for Editor in 0.00 ms.
Mono: successfully reloaded assembly
- Completed reload, in  2.046 seconds
Domain Reload Profiling:
	ReloadAssembly (2046ms)
		BeginReloadAssembly (173ms)
			ExecutionOrderSort (0ms)
			DisableScriptedObjects (9ms)
			BackupInstance (0ms)
			ReleaseScriptingObjects (0ms)
			CreateAndSetChildDomain (50ms)
		EndReloadAssembly (1764ms)
			LoadAssemblies (181ms)
			RebuildTransferFunctionScriptingTraits (0ms)
			SetupTypeCache (638ms)
			ReleaseScriptCaches (1ms)
			RebuildScriptCaches (59ms)
			SetupLoadedEditorAssemblies (690ms)
				LogAssemblyErrors (0ms)
				InitializePlatformSupportModulesInManaged (6ms)
				SetLoadedEditorAssemblies (1ms)
				RefreshPlugins (0ms)
				BeforeProcessingInitializeOnLoad (166ms)
				ProcessInitializeOnLoadAttributes (492ms)
				ProcessInitializeOnLoadMethodAttributes (12ms)
				AfterProcessingInitializeOnLoad (11ms)
				EditorAssembliesLoaded (1ms)
			ExecutionOrderSort2 (0ms)
			AwakeInstancesAfterBackupRestoration (9ms)
Platform modules already initialized, skipping
Refreshing native plugins compatible for Editor in 0.35 ms, found 2 plugins.
Preloading 0 native plugins for Editor in 0.00 ms.
Unloading 1486 Unused Serialized files (Serialized files now loaded: 0)
System memory in use before: 70.8 MB.
System memory in use after: 70.9 MB.

Unloading 14 unused Assets to reduce memory usage. Loaded Objects now: 1993.
Total: 3.465800 ms (FindLiveObjects: 0.157700 ms CreateObjectMapping: 0.051000 ms MarkObjects: 3.232300 ms  DeleteObjects: 0.023400 ms)

AssetImportParameters requested are different than current active one (requested -> active):
  custom:framework-win-MediaFoundation: 216162199b28c13a410421893ffa2e32 -> 
  custom:video-decoder-ogg-theora: a1e56fd34408186e4bbccfd4996cb3dc -> 
  custom:container-muxer-webm: aa71ff27fc2769a1b78a27578f13a17b -> 
  custom:container-demuxer-webm: 4f35f7cbe854078d1ac9338744f61a02 -> 
  custom:container-demuxer-ogg: 62fdf1f143b41e24485cea50d1cbac27 -> 
  custom:video-encoder-webm-vp8: eb34c28f22e8b96e1ab97ce403110664 -> 
  custom:video-decoder-webm-vp8: 9c59270c3fd7afecdb556c50c9e8de78 -> 
  custom:audio-decoder-ogg-vorbis: bf7c407c2cedff20999df2af8eb42d56 -> 
  custom:audio-encoder-webm-vorbis: bf7c407c2cedff20999df2af8eb42d56 -> 
========================================================================
Received Import Request.
  Time since last request: 42.573205 seconds.
  path: Assets/Script/IDamage.cs
  artifactKey: Guid(a194205aa518a0246bffa8ff28873926) Importer(815301076,1909f56bfc062723c751e8b465ee728b)
Start importing Assets/Script/IDamage.cs using Guid(a194205aa518a0246bffa8ff28873926) Importer(815301076,1909f56bfc062723c751e8b465ee728b)  -> (artifact id: 'f391a4ecdf6fbd6ef8d4c1a99abde120') in 0.021190 seconds 
  Import took 0.032521 seconds .

========================================================================
Received Prepare
Registering precompiled user dll's ...
Registered in 0.004960 seconds.
Begin MonoManager ReloadAssembly
Native extension for WindowsStandalone target not found
Refreshing native plugins compatible for Editor in 0.40 ms, found 2 plugins.
Preloading 0 native plugins for Editor in 0.00 ms.
Mono: successfully reloaded assembly
- Completed reload, in  1.686 seconds
Domain Reload Profiling:
	ReloadAssembly (1687ms)
		BeginReloadAssembly (284ms)
			ExecutionOrderSort (0ms)
			DisableScriptedObjects (9ms)
			BackupInstance (0ms)
			ReleaseScriptingObjects (0ms)
			CreateAndSetChildDomain (62ms)
		EndReloadAssembly (1263ms)
			LoadAssemblies (228ms)
			RebuildTransferFunctionScriptingTraits (0ms)
			SetupTypeCache (443ms)
			ReleaseScriptCaches (2ms)
			RebuildScriptCaches (57ms)
			SetupLoadedEditorAssemblies (440ms)
				LogAssemblyErrors (0ms)
				InitializePlatformSupportModulesInManaged (9ms)
				SetLoadedEditorAssemblies (1ms)
				RefreshPlugins (0ms)
				BeforeProcessingInitializeOnLoad (133ms)
				ProcessInitializeOnLoadAttributes (274ms)
				ProcessInitializeOnLoadMethodAttributes (12ms)
				AfterProcessingInitializeOnLoad (11ms)
				EditorAssembliesLoaded (0ms)
			ExecutionOrderSort2 (0ms)
			AwakeInstancesAfterBackupRestoration (9ms)
Platform modules already initialized, skipping
Refreshing native plugins compatible for Editor in 0.35 ms, found 2 plugins.
Preloading 0 native plugins for Editor in 0.00 ms.
Unloading 1486 Unused Serialized files (Serialized files now loaded: 0)
System memory in use before: 70.8 MB.
System memory in use after: 70.9 MB.

Unloading 14 unused Assets to reduce memory usage. Loaded Objects now: 1995.
Total: 4.009500 ms (FindLiveObjects: 0.191600 ms CreateObjectMapping: 0.065600 ms MarkObjects: 3.718200 ms  DeleteObjects: 0.032500 ms)

AssetImportParameters requested are different than current active one (requested -> active):
  custom:framework-win-MediaFoundation: 216162199b28c13a410421893ffa2e32 -> 
  custom:video-decoder-ogg-theora: a1e56fd34408186e4bbccfd4996cb3dc -> 
  custom:container-muxer-webm: aa71ff27fc2769a1b78a27578f13a17b -> 
  custom:container-demuxer-webm: 4f35f7cbe854078d1ac9338744f61a02 -> 
  custom:container-demuxer-ogg: 62fdf1f143b41e24485cea50d1cbac27 -> 
  custom:video-encoder-webm-vp8: eb34c28f22e8b96e1ab97ce403110664 -> 
  custom:video-decoder-webm-vp8: 9c59270c3fd7afecdb556c50c9e8de78 -> 
  custom:audio-decoder-ogg-vorbis: bf7c407c2cedff20999df2af8eb42d56 -> 
  custom:audio-encoder-webm-vorbis: bf7c407c2cedff20999df2af8eb42d56 -> 
========================================================================
Received Import Request.
  Time since last request: 64.358665 seconds.
  path: Assets/Script/Player.cs
  artifactKey: Guid(7fb5502c67d1b7344844060d3e485297) Importer(815301076,1909f56bfc062723c751e8b465ee728b)
Start importing Assets/Script/Player.cs using Guid(7fb5502c67d1b7344844060d3e485297) Importer(815301076,1909f56bfc062723c751e8b465ee728b)  -> (artifact id: '80e1d61c32d1f1eb83cec4a53690b87e') in 0.012175 seconds 
  Import took 0.018328 seconds .

========================================================================
Received Prepare
Registering precompiled user dll's ...
Registered in 0.006678 seconds.
Begin MonoManager ReloadAssembly
Native extension for WindowsStandalone target not found
Refreshing native plugins compatible for Editor in 0.69 ms, found 2 plugins.
Preloading 0 native plugins for Editor in 0.00 ms.
Mono: successfully reloaded assembly
- Completed reload, in  1.689 seconds
Domain Reload Profiling:
	ReloadAssembly (1690ms)
		BeginReloadAssembly (170ms)
			ExecutionOrderSort (0ms)
			DisableScriptedObjects (6ms)
			BackupInstance (0ms)
			ReleaseScriptingObjects (0ms)
			CreateAndSetChildDomain (47ms)
		EndReloadAssembly (1405ms)
			LoadAssemblies (142ms)
			RebuildTransferFunctionScriptingTraits (0ms)
			SetupTypeCache (538ms)
			ReleaseScriptCaches (1ms)
			RebuildScriptCaches (80ms)
			SetupLoadedEditorAssemblies (481ms)
				LogAssemblyErrors (0ms)
				InitializePlatformSupportModulesInManaged (7ms)
				SetLoadedEditorAssemblies (1ms)
				RefreshPlugins (1ms)
				BeforeProcessingInitializeOnLoad (134ms)
				ProcessInitializeOnLoadAttributes (313ms)
				ProcessInitializeOnLoadMethodAttributes (14ms)
				AfterProcessingInitializeOnLoad (11ms)
				EditorAssembliesLoaded (0ms)
			ExecutionOrderSort2 (0ms)
			AwakeInstancesAfterBackupRestoration (10ms)
Platform modules already initialized, skipping
Refreshing native plugins compatible for Editor in 0.60 ms, found 2 plugins.
Preloading 0 native plugins for Editor in 0.00 ms.
Unloading 1486 Unused Serialized files (Serialized files now loaded: 0)
System memory in use before: 70.7 MB.
System memory in use after: 70.8 MB.

Unloading 14 unused Assets to reduce memory usage. Loaded Objects now: 1997.
Total: 5.086700 ms (FindLiveObjects: 0.214100 ms CreateObjectMapping: 0.092400 ms MarkObjects: 4.752600 ms  DeleteObjects: 0.025600 ms)

AssetImportParameters requested are different than current active one (requested -> active):
  custom:framework-win-MediaFoundation: 216162199b28c13a410421893ffa2e32 -> 
  custom:video-decoder-ogg-theora: a1e56fd34408186e4bbccfd4996cb3dc -> 
  custom:container-muxer-webm: aa71ff27fc2769a1b78a27578f13a17b -> 
  custom:container-demuxer-webm: 4f35f7cbe854078d1ac9338744f61a02 -> 
  custom:container-demuxer-ogg: 62fdf1f143b41e24485cea50d1cbac27 -> 
  custom:video-encoder-webm-vp8: eb34c28f22e8b96e1ab97ce403110664 -> 
  custom:video-decoder-webm-vp8: 9c59270c3fd7afecdb556c50c9e8de78 -> 
  custom:audio-decoder-ogg-vorbis: bf7c407c2cedff20999df2af8eb42d56 -> 
  custom:audio-encoder-webm-vorbis: bf7c407c2cedff20999df2af8eb42d56 -> 
========================================================================
Received Import Request.
  Time since last request: 208.080176 seconds.
  path: Assets/Prefab/Pleyer.prefab
  artifactKey: Guid(db5391d093d63684899c4891aa384e2e) Importer(815301076,1909f56bfc062723c751e8b465ee728b)
Start importing Assets/Prefab/Pleyer.prefab using Guid(db5391d093d63684899c4891aa384e2e) Importer(815301076,1909f56bfc062723c751e8b465ee728b)  -> (artifact id: 'eec3e562cd1a2ab49d51cab1bd7f8fab') in 0.414734 seconds 
  Import took 0.419501 seconds .

========================================================================
Received Import Request.
  Time since last request: 145.067339 seconds.
  path: ProjectSettings/TagManager.asset
  artifactKey: Guid(00000000000000003000000000000000) Importer(815301076,1909f56bfc062723c751e8b465ee728b)
Start importing ProjectSettings/TagManager.asset using Guid(00000000000000003000000000000000) Importer(815301076,1909f56bfc062723c751e8b465ee728b)  -> (artifact id: 'c3fdf022e8f8783ec50dfca5f598840e') in 0.003743 seconds 
  Import took 0.006935 seconds .

========================================================================
Received Import Request.
  Time since last request: 30.323696 seconds.
  path: Assets/Prefab/Trap_1.prefab
  artifactKey: Guid(2e139d7de48ba3d4cbb1167f18ada03e) Importer(815301076,1909f56bfc062723c751e8b465ee728b)
Start importing Assets/Prefab/Trap_1.prefab using Guid(2e139d7de48ba3d4cbb1167f18ada03e) Importer(815301076,1909f56bfc062723c751e8b465ee728b)  -> (artifact id: 'c323355761d6d198ca233e8a332500eb') in 0.015258 seconds 
  Import took 0.020159 seconds .

========================================================================
Received Prepare
Registering precompiled user dll's ...
Registered in 0.003841 seconds.
Begin MonoManager ReloadAssembly
Native extension for WindowsStandalone target not found
Refreshing native plugins compatible for Editor in 0.37 ms, found 2 plugins.
Preloading 0 native plugins for Editor in 0.00 ms.
Mono: successfully reloaded assembly
- Completed reload, in  1.459 seconds
Domain Reload Profiling:
	ReloadAssembly (1460ms)
		BeginReloadAssembly (152ms)
			ExecutionOrderSort (0ms)
			DisableScriptedObjects (7ms)
			BackupInstance (0ms)
			ReleaseScriptingObjects (0ms)
			CreateAndSetChildDomain (50ms)
		EndReloadAssembly (1205ms)
			LoadAssemblies (138ms)
			RebuildTransferFunctionScriptingTraits (0ms)
			SetupTypeCache (397ms)
			ReleaseScriptCaches (1ms)
			RebuildScriptCaches (52ms)
			SetupLoadedEditorAssemblies (442ms)
				LogAssemblyErrors (0ms)
				InitializePlatformSupportModulesInManaged (7ms)
				SetLoadedEditorAssemblies (1ms)
				RefreshPlugins (0ms)
				BeforeProcessingInitializeOnLoad (111ms)
				ProcessInitializeOnLoadAttributes (302ms)
				ProcessInitializeOnLoadMethodAttributes (11ms)
				AfterProcessingInitializeOnLoad (9ms)
				EditorAssembliesLoaded (0ms)
			ExecutionOrderSort2 (0ms)
			AwakeInstancesAfterBackupRestoration (8ms)
Platform modules already initialized, skipping
Refreshing native plugins compatible for Editor in 0.35 ms, found 2 plugins.
Preloading 0 native plugins for Editor in 0.00 ms.
Unloading 1486 Unused Serialized files (Serialized files now loaded: 0)
System memory in use before: 70.8 MB.
System memory in use after: 70.9 MB.

Unloading 16 unused Assets to reduce memory usage. Loaded Objects now: 2000.
Total: 3.392700 ms (FindLiveObjects: 0.329000 ms CreateObjectMapping: 0.134600 ms MarkObjects: 2.903600 ms  DeleteObjects: 0.024400 ms)

AssetImportParameters requested are different than current active one (requested -> active):
  custom:framework-win-MediaFoundation: 216162199b28c13a410421893ffa2e32 -> 
  custom:video-decoder-ogg-theora: a1e56fd34408186e4bbccfd4996cb3dc -> 
  custom:container-muxer-webm: aa71ff27fc2769a1b78a27578f13a17b -> 
  custom:container-demuxer-webm: 4f35f7cbe854078d1ac9338744f61a02 -> 
  custom:container-demuxer-ogg: 62fdf1f143b41e24485cea50d1cbac27 -> 
  custom:video-encoder-webm-vp8: eb34c28f22e8b96e1ab97ce403110664 -> 
  custom:video-decoder-webm-vp8: 9c59270c3fd7afecdb556c50c9e8de78 -> 
  custom:audio-decoder-ogg-vorbis: bf7c407c2cedff20999df2af8eb42d56 -> 
  custom:audio-encoder-webm-vorbis: bf7c407c2cedff20999df2af8eb42d56 -> 
========================================================================
Received Prepare
Registering precompiled user dll's ...
Registered in 0.003946 seconds.
Begin MonoManager ReloadAssembly
Native extension for WindowsStandalone target not found
Refreshing native plugins compatible for Editor in 0.33 ms, found 2 plugins.
Preloading 0 native plugins for Editor in 0.00 ms.
Mono: successfully reloaded assembly
- Completed reload, in  1.187 seconds
Domain Reload Profiling:
	ReloadAssembly (1188ms)
		BeginReloadAssembly (124ms)
			ExecutionOrderSort (0ms)
			DisableScriptedObjects (6ms)
			BackupInstance (0ms)
			ReleaseScriptingObjects (0ms)
			CreateAndSetChildDomain (38ms)
		EndReloadAssembly (985ms)
			LoadAssemblies (103ms)
			RebuildTransferFunctionScriptingTraits (0ms)
			SetupTypeCache (353ms)
			ReleaseScriptCaches (1ms)
			RebuildScriptCaches (45ms)
			SetupLoadedEditorAssemblies (374ms)
				LogAssemblyErrors (0ms)
				InitializePlatformSupportModulesInManaged (5ms)
				SetLoadedEditorAssemblies (1ms)
				RefreshPlugins (0ms)
				BeforeProcessingInitializeOnLoad (85ms)
				ProcessInitializeOnLoadAttributes (263ms)
				ProcessInitializeOnLoadMethodAttributes (10ms)
				AfterProcessingInitializeOnLoad (9ms)
				EditorAssembliesLoaded (0ms)
			ExecutionOrderSort2 (0ms)
			AwakeInstancesAfterBackupRestoration (9ms)
Platform modules already initialized, skipping
Refreshing native plugins compatible for Editor in 0.42 ms, found 2 plugins.
Preloading 0 native plugins for Editor in 0.00 ms.
Unloading 1486 Unused Serialized files (Serialized files now loaded: 0)
System memory in use before: 70.8 MB.
System memory in use after: 70.9 MB.

Unloading 14 unused Assets to reduce memory usage. Loaded Objects now: 2002.
Total: 3.959300 ms (FindLiveObjects: 0.154900 ms CreateObjectMapping: 0.050000 ms MarkObjects: 3.733100 ms  DeleteObjects: 0.019900 ms)

AssetImportParameters requested are different than current active one (requested -> active):
  custom:framework-win-MediaFoundation: 216162199b28c13a410421893ffa2e32 -> 
  custom:video-decoder-ogg-theora: a1e56fd34408186e4bbccfd4996cb3dc -> 
  custom:container-muxer-webm: aa71ff27fc2769a1b78a27578f13a17b -> 
  custom:container-demuxer-webm: 4f35f7cbe854078d1ac9338744f61a02 -> 
  custom:container-demuxer-ogg: 62fdf1f143b41e24485cea50d1cbac27 -> 
  custom:video-encoder-webm-vp8: eb34c28f22e8b96e1ab97ce403110664 -> 
  custom:video-decoder-webm-vp8: 9c59270c3fd7afecdb556c50c9e8de78 -> 
  custom:audio-decoder-ogg-vorbis: bf7c407c2cedff20999df2af8eb42d56 -> 
  custom:audio-encoder-webm-vorbis: bf7c407c2cedff20999df2af8eb42d56 -> 
========================================================================
Received Prepare
Registering precompiled user dll's ...
Registered in 0.003831 seconds.
Begin MonoManager ReloadAssembly
Native extension for WindowsStandalone target not found
Refreshing native plugins compatible for Editor in 0.58 ms, found 2 plugins.
Preloading 0 native plugins for Editor in 0.00 ms.
Mono: successfully reloaded assembly
- Completed reload, in  1.258 seconds
Domain Reload Profiling:
	ReloadAssembly (1258ms)
		BeginReloadAssembly (158ms)
			ExecutionOrderSort (0ms)
			DisableScriptedObjects (7ms)
			BackupInstance (0ms)
			ReleaseScriptingObjects (0ms)
			CreateAndSetChildDomain (46ms)
		EndReloadAssembly (1017ms)
			LoadAssemblies (116ms)
			RebuildTransferFunctionScriptingTraits (0ms)
			SetupTypeCache (366ms)
			ReleaseScriptCaches (1ms)
			RebuildScriptCaches (51ms)
			SetupLoadedEditorAssemblies (377ms)
				LogAssemblyErrors (0ms)
				InitializePlatformSupportModulesInManaged (6ms)
				SetLoadedEditorAssemblies (0ms)
				RefreshPlugins (1ms)
				BeforeProcessingInitializeOnLoad (86ms)
				ProcessInitializeOnLoadAttributes (265ms)
				ProcessInitializeOnLoadMethodAttributes (11ms)
				AfterProcessingInitializeOnLoad (9ms)
				EditorAssembliesLoaded (0ms)
			ExecutionOrderSort2 (0ms)
			AwakeInstancesAfterBackupRestoration (8ms)
Platform modules already initialized, skipping
Refreshing native plugins compatible for Editor in 0.42 ms, found 2 plugins.
Preloading 0 native plugins for Editor in 0.00 ms.
Unloading 1486 Unused Serialized files (Serialized files now loaded: 0)
System memory in use before: 70.8 MB.
System memory in use after: 70.9 MB.

Unloading 14 unused Assets to reduce memory usage. Loaded Objects now: 2004.
Total: 3.563200 ms (FindLiveObjects: 0.156700 ms CreateObjectMapping: 0.048000 ms MarkObjects: 3.324800 ms  DeleteObjects: 0.032100 ms)

AssetImportParameters requested are different than current active one (requested -> active):
  custom:framework-win-MediaFoundation: 216162199b28c13a410421893ffa2e32 -> 
  custom:video-decoder-ogg-theora: a1e56fd34408186e4bbccfd4996cb3dc -> 
  custom:container-muxer-webm: aa71ff27fc2769a1b78a27578f13a17b -> 
  custom:container-demuxer-webm: 4f35f7cbe854078d1ac9338744f61a02 -> 
  custom:container-demuxer-ogg: 62fdf1f143b41e24485cea50d1cbac27 -> 
  custom:video-encoder-webm-vp8: eb34c28f22e8b96e1ab97ce403110664 -> 
  custom:video-decoder-webm-vp8: 9c59270c3fd7afecdb556c50c9e8de78 -> 
  custom:audio-decoder-ogg-vorbis: bf7c407c2cedff20999df2af8eb42d56 -> 
  custom:audio-encoder-webm-vorbis: bf7c407c2cedff20999df2af8eb42d56 -> 
AssetImportWorkerClient::OnTransportError - code=2 error=End of file
